<?xml version="1.0" encoding="UTF-8"?>
<testsuite xmlns:xsi="http://www.w3.org/2001/XMLSchema-instance" xsi:noNamespaceSchemaLocation="https://maven.apache.org/surefire/maven-surefire-plugin/xsd/surefire-test-report.xsd" name="ex.sds.AppTest" time="0.04" tests="5" errors="4" skipped="0" failures="0">
  <properties>
[...]
</properties>
  <testcase name="shouldAnswerWithTrue" classname="ex.sds.AppTest" time="0.002"/>
  <testcase name="test1" classname="ex.sds.AppTest" time="0.005">
    <error message="Unresolved compilation problem: &#10;	task cannot be resolved to a variable&#10;" type="java.lang.Error">java.lang.Error: 
Unresolved compilation problem: 
	task cannot be resolved to a variable

	at ex.sds.AppTest.test1(AppTest.java:41)
</error>
  </testcase>
  <testcase name="test2" classname="ex.sds.AppTest" time="0.001">
    <error message="Unresolved compilation problem: &#10;	task cannot be resolved to a variable&#10;" type="java.lang.Error">java.lang.Error: 
Unresolved compilation problem: 
	task cannot be resolved to a variable

	at ex.sds.AppTest.test2(AppTest.java:47)
</error>
  </testcase>
  <testcase name="test3" classname="ex.sds.AppTest" time="0">
    <error message="Unresolved compilation problem: &#10;	task cannot be resolved to a variable&#10;" type="java.lang.Error">java.lang.Error: 
Unresolved compilation problem: 
	task cannot be resolved to a variable

	at ex.sds.AppTest.test3(AppTest.java:53)
</error>
  </testcase>
  <testcase name="test4" classname="ex.sds.AppTest" time="0.001">
    <error message="Unresolved compilation problem: &#10;	task cannot be resolved to a variable&#10;" type="java.lang.Error">java.lang.Error: 
Unresolved compilation problem: 
	task cannot be resolved to a variable

	at ex.sds.AppTest.test4(AppTest.java:59)
</error>
  </testcase>
</testsuite>