<?xml version="1.0" encoding="UTF-8"?>
<testsuite xmlns:xsi="http://www.w3.org/2001/XMLSchema-instance" xsi:noNamespaceSchemaLocation="https://maven.apache.org/surefire/maven-surefire-plugin/xsd/surefire-test-report.xsd" name="ex.sds.AppTest" time="0.039" tests="5" errors="0" skipped="0" failures="0">
  <properties>
[...]
</properties>
  <testcase name="shouldAnswerWithTrue" classname="ex.sds.AppTest" time="0.004"/>
  <testcase name="testNumberOfEmployees" classname="ex.sds.AppTest" time="0.001"/>
  <testcase name="test1" classname="ex.sds.AppTest" time="0"/>
  <testcase name="testGender" classname="ex.sds.AppTest" time="0.001"/>
  <testcase name="testSalary" classname="ex.sds.AppTest" time="0.001"/>
</testsuite>